
> mrp_frontend@0.1.0 build
> next build

▲ Next.js 16.1.1 (Turbopack)
- Environments: .env.local, .env.production, .env

⚠ The "middleware" file convention is deprecated. Please use "proxy" instead. Learn more: https://nextjs.org/docs/messages/middleware-to-proxy
  Creating an optimized production build ...
(node:139064) [DEP0205] DeprecationWarning: `module.register()` is deprecated. Use `module.registerHooks()` instead.
(Use `node --trace-deprecation ...` to show where the warning was created)
(node:139095) [DEP0205] DeprecationWarning: `module.register()` is deprecated. Use `module.registerHooks()` instead.
(Use `node --trace-deprecation ...` to show where the warning was created)
✓ Compiled successfully in 32.2s
  Running TypeScript ...
  Collecting page data using 3 workers ...
  Generating static pages using 3 workers (0/80) ...
The width(-1) and height(-1) of chart should be greater than 0,
       please check the style of container, or the props width(100%) and height(100%),
       or add a minWidth(0) or minHeight(undefined) or use aspect(undefined) to control the
       height and width.
The width(-1) and height(-1) of chart should be greater than 0,
       please check the style of container, or the props width(100%) and height(100%),
       or add a minWidth(0) or minHeight(undefined) or use aspect(undefined) to control the
       height and width.
The width(-1) and height(-1) of chart should be greater than 0,
       please check the style of container, or the props width(100%) and height(100%),
       or add a minWidth(0) or minHeight(undefined) or use aspect(undefined) to control the
       height and width.
  Generating static pages using 3 workers (20/80) 
  Generating static pages using 3 workers (40/80) 
  Generating static pages using 3 workers (60/80) 
✓ Generating static pages using 3 workers (80/80) in 2.1s
  Finalizing page optimization ...

Route (app)
┌ ○ /
├ ○ /_not-found
├ ƒ /[slug]
├ ○ /account-management
├ ƒ /account-management/trader/[id]
├ ○ /admin
├ ○ /admin/account-management
├ ○ /admin/books
├ ƒ /admin/books/[bookId]
├ ○ /admin/books/add
├ ○ /admin/categories
├ ○ /admin/comments
├ ○ /admin/copy-trading
├ ○ /admin/coupons
├ ○ /admin/courses
├ ƒ /admin/courses/[courseId]
├ ƒ /admin/courses/[courseId]/submissions
├ ○ /admin/courses/add
├ ○ /admin/email-marketing
├ ○ /admin/forms
├ ƒ /admin/forms/[formId]
├ ƒ /admin/forms/[formId]/entries
├ ○ /admin/forms/new
├ ○ /admin/links
├ ○ /admin/login
├ ○ /admin/media
├ ○ /admin/members
├ ○ /admin/orders
├ ƒ /admin/orders/[orderId]
├ ○ /admin/orders/add
├ ○ /admin/pages
├ ƒ /admin/pages/[pageId]
├ ○ /admin/pages/add
├ ○ /admin/posts
├ ƒ /admin/posts/[postId]
├ ○ /admin/posts/add
├ ○ /admin/products
├ ƒ /admin/products/[productId]
├ ○ /admin/products/add
├ ○ /admin/prop-firm
├ ○ /admin/reports
├ ○ /admin/settings
├ ○ /admin/settings/security
├ ○ /admin/signals
├ ƒ /admin/signals/[signalId]
├ ○ /admin/signals/add
├ ƒ /admin/submissions/[submissionId]
├ ○ /admin/tags
├ ○ /admin/traders
├ ƒ /admin/traders/[trader_id]
├ ○ /admin/traders/add
├ ƒ /admin/traders/edit/[trader_id]
├ ○ /admin/trading-tools
├ ƒ /admin/trading-tools/[toolId]
├ ○ /admin/trading-tools/add
├ ○ /admin/users
├ ƒ /admin/users/[userId]
├ ○ /admin/users/add
├ ○ /admin/videos
├ ƒ /admin/videos/[videoId]
├ ○ /admin/videos/add
├ ○ /all-vip-resources
├ ○ /blog
├ ƒ /blog/[slug]
├ ƒ /book/[id]
├ ○ /cart
├ ○ /checkout
├ ○ /copy-trading
├ ○ /courses
├ ƒ /courses/[slug]
├ ƒ /courses/[slug]/lesson/[lessonId]
├ ƒ /courses/[slug]/quiz/[quizId]
├ ○ /dashboard
├ ○ /forex-books
├ ○ /forgot-password
├ ○ /free-robots
├ ○ /free-signals-group
├ ○ /free-trading-indicators
├ ○ /icon.png
├ ○ /login
├ ○ /mentorship-course
├ ƒ /mentorship-course-100
├ ○ /my-courses
├ ○ /my-orders
├ ƒ /my-orders/[orderId]
├ ○ /pass-funded-accounts
├ ○ /pass-funded-accounts/checkout
├ ○ /physical-classes
├ ○ /privacy-policy
├ ○ /private-mentorship
├ ƒ /product/[slug]
├ ○ /rent-vps-hosting
├ ○ /reset-password
├ ○ /resource_category/free-robots-indicators-seminars
├ ○ /resource_category/indicator
├ ○ /resource_category/robot
├ ○ /risk-calculator
├ ○ /shop
├ ○ /sign-up
├ ○ /support
├ ○ /terms-and-conditions
├ ƒ /trading-tool/[id]
├ ○ /videos
├ ○ /vip-signals-group
├ ○ /vip-trading-bots
└ ○ /vip-trading-indicators


ƒ Proxy (Middleware)

○  (Static)   prerendered as static content
ƒ  (Dynamic)  server-rendered on demand

